<?xml version="1.0" encoding="UTF-8"?>
<testsuite xmlns:xsi="http://www.w3.org/2001/XMLSchema-instance" xsi:schemaLocation="https://maven.apache.org/surefire/maven-surefire-plugin/xsd/surefire-test-report.xsd" name="TRAINING.GIANGBH1.DefinitionTestSuite" time="196.77" tests="19" errors="1" skipped="6" failures="1">
  <properties>
[...]
</properties>
  <testcase name="Group Name Subject and Body are mandatory information" classname="As a tool manager, I want ability to create News, so that I can deliver it to our customer who subscripted from Front-end module" time="16.506"/>
  <testcase name="The default for group" classname="As a tool manager, I want ability to create News, so that I can deliver it to our customer who subscripted from Front-end module" time="10.971"/>
  <testcase name="Check validate for maxlenth Name" classname="As a tool manager, I want ability to create News, so that I can deliver it to our customer who subscripted from Front-end module" time="14.367">
    <failure type="java.lang.AssertionError">java.lang.AssertionError
</failure>
    <system-err><![CDATA[[main] INFO net.thucydides.core.steps.ConsoleLoggingListener - 
 _____ _____ ____ _____   ____ _____  _    ____ _____ _____ ____  
|_   _| ____/ ___|_   _| / ___|_   _|/ \  |  _ \_   _| ____|  _ \ 
  | | |  _| \___ \ | |   \___ \ | | / _ \ | |_) || | |  _| | | | |
  | | | |___ ___) || |    ___) || |/ ___ \|  _ < | | | |___| |_| |
  |_| |_____|____/ |_|   |____/ |_/_/   \_\_| \_\|_| |_____|____/ 
                                                                  

TEST STARTED: Check validate for maxlenth Name
-------------------------------------------------------------------(as-a-tool-manager--i-want-ability-to-create-news--so-that-i-can-deliver-it-to-our-customer-who-subscripted-from-front-end-module;check-validate-for-maxlenth-name)
Starting ChromeDriver 2.44.609538 (b655c5a60b0b544917107a59d4153d4bf78e1b90) on port 5959
Only local connections are allowed.
thg 1 20, 2019 9:30:25 CH org.openqa.selenium.remote.ProtocolHandshake createSession
INFO: Detected dialect: OSS
[main] ERROR net.thucydides.core.steps.ConsoleLoggingListener - 
           __  _____ _____ ____ _____   _____ _    ___ _     _____ ____  
  _       / / |_   _| ____/ ___|_   _| |  ___/ \  |_ _| |   | ____|  _ \ 
 (_)_____| |    | | |  _| \___ \ | |   | |_ / _ \  | || |   |  _| | | | |
  _|_____| |    | | | |___ ___) || |   |  _/ ___ \ | || |___| |___| |_| |
 (_)     | |    |_| |_____|____/ |_|   |_|/_/   \_\___|_____|_____|____/ 
          \_\                                                            

TEST FAILED WITH ERROR: Check validate for maxlenth Name
---------------------------------------------------------------------
[main] ERROR net.thucydides.core.steps.ConsoleLoggingListener - TEST FAILED AT STEP Get text: ChromeDriver: chrome on XP (85ba95e61ea5347e8d4f1601578662e6), Proxy element for: DefaultElementLocator 'By.cssSelector: div:nth-child(7) > .error:nth-child(2)'
[main] ERROR net.thucydides.core.steps.ConsoleLoggingListener - 
]]></system-err>
  </testcase>
  <testcase name="The file can be uploaded is document file such as pdf, doc*, xls* and has max length is 2MB" classname="As a tool manager, I want ability add attachment file to News item, so that I can delivery it along with News" time="14.979"/>
  <testcase name="The list of files is displayed with corresponding file icon" classname="As a tool manager, I want ability add attachment file to News item, so that I can delivery it along with News" time="12.966"/>
  <testcase name="The uploaded file can removable after confirmed" classname="As a tool manager, I want ability add attachment file to News item, so that I can delivery it along with News" time="14.238"/>
  <testcase name="The uploaded file can removable after confirmed" classname="As a tool manager, I want ability add attachment file to News item, so that I can delivery it along with News" time="13.218"/>
  <testcase name="The Send now will deliver the Newsletter to corresponding subscribed immediately" classname="As a Tool manager, I want ability to send created Newsletter, so that I can deliver this Newsletter to subscribed with corresponding group" time="13.22"/>
  <testcase name="The save to send later require the date end time which Newsletter will be delivered to subscribers" classname="As a Tool manager, I want ability to send created Newsletter, so that I can deliver this Newsletter to subscribed with corresponding group" time="12.698"/>
  <testcase name="List of Subscriber is displayed with alphabet order" classname="As a tool manager, I want ability to manage the subscriber information, so that I can modify, remove or add new subscriber" time="11.576"/>
  <testcase name="Looking up the definition of &apos;apple&apos;" classname="Lookup a definition" time="0">
    <skipped/>
    <system-err><![CDATA[[main] INFO net.thucydides.core.steps.ConsoleLoggingListener - 
 _____ _____ ____ _____   ____ _____  _    ____ _____ _____ ____  
|_   _| ____/ ___|_   _| / ___|_   _|/ \  |  _ \_   _| ____|  _ \ 
  | | |  _| \___ \ | |   \___ \ | | / _ \ | |_) || | |  _| | | | |
  | | | |___ ___) || |    ___) || |/ ___ \|  _ < | | | |___| |_| |
  |_| |_____|____/ |_|   |____/ |_/_/   \_\_| \_\|_| |_____|____/ 
                                                                  

TEST STARTED: Looking up the definition of 'apple'
-------------------------------------------------------------------(lookup-a-definition;looking-up-the-definition-of--apple-)
Starting ChromeDriver 2.44.609538 (b655c5a60b0b544917107a59d4153d4bf78e1b90) on port 32161
Only local connections are allowed.
thg 1 20, 2019 9:32:12 CH org.openqa.selenium.remote.ProtocolHandshake createSession
INFO: Detected dialect: OSS
[main] INFO net.thucydides.core.steps.ConsoleLoggingListener - TEST PENDING
[main] INFO net.thucydides.core.steps.ConsoleLoggingListener - TEST PENDING
[main] INFO net.thucydides.core.steps.ConsoleLoggingListener - TEST PENDING
[main] INFO net.thucydides.core.steps.ConsoleLoggingListener - 
          __  _____ _____ ____ _____   ____  _____ _   _ ____ ___ _   _  ____ 
 _       / / |_   _| ____/ ___|_   _| |  _ \| ____| \ | |  _ \_ _| \ | |/ ___|
(_)____ / /    | | |  _| \___ \ | |   | |_) |  _| |  \| | | | | ||  \| | |  _ 
 |_____/ /     | | | |___ ___) || |   |  __/| |___| |\  | |_| | || |\  | |_| |
(_)   /_/      |_| |_____|____/ |_|   |_|   |_____|_| \_|____/___|_| \_|\____|
                                                                                

TEST PENDING: Looking up the definition of 'apple'
---------------------------------------------------------------------------------
]]></system-err>
  </testcase>
  <testcase name="Looking up the definition of &apos;apple&apos;" classname="Lookup a definition" time="0">
    <skipped/>
  </testcase>
  <testcase name="Looking up the definition of &apos;apple&apos;" classname="Lookup a definition" time="0">
    <skipped/>
  </testcase>
  <testcase name="Looking up the definition of &apos;pear&apos;" classname="Lookup a definition" time="0">
    <skipped/>
    <system-err><![CDATA[[main] INFO net.thucydides.core.steps.ConsoleLoggingListener - 
 _____ _____ ____ _____   ____ _____  _    ____ _____ _____ ____  
|_   _| ____/ ___|_   _| / ___|_   _|/ \  |  _ \_   _| ____|  _ \ 
  | | |  _| \___ \ | |   \___ \ | | / _ \ | |_) || | |  _| | | | |
  | | | |___ ___) || |    ___) || |/ ___ \|  _ < | | | |___| |_| |
  |_| |_____|____/ |_|   |____/ |_/_/   \_\_| \_\|_| |_____|____/ 
                                                                  

TEST STARTED: Looking up the definition of 'pear'
-------------------------------------------------------------------(lookup-a-definition;looking-up-the-definition-of--pear-)
Starting ChromeDriver 2.44.609538 (b655c5a60b0b544917107a59d4153d4bf78e1b90) on port 43096
Only local connections are allowed.
thg 1 20, 2019 9:32:18 CH org.openqa.selenium.remote.ProtocolHandshake createSession
INFO: Detected dialect: OSS
[main] INFO net.thucydides.core.steps.ConsoleLoggingListener - TEST PENDING
[main] INFO net.thucydides.core.steps.ConsoleLoggingListener - TEST PENDING
[main] INFO net.thucydides.core.steps.ConsoleLoggingListener - TEST PENDING
[main] INFO net.thucydides.core.steps.ConsoleLoggingListener - 
          __  _____ _____ ____ _____   ____  _____ _   _ ____ ___ _   _  ____ 
 _       / / |_   _| ____/ ___|_   _| |  _ \| ____| \ | |  _ \_ _| \ | |/ ___|
(_)____ / /    | | |  _| \___ \ | |   | |_) |  _| |  \| | | | | ||  \| | |  _ 
 |_____/ /     | | | |___ ___) || |   |  __/| |___| |\  | |_| | || |\  | |_| |
(_)   /_/      |_| |_____|____/ |_|   |_|   |_____|_| \_|____/___|_| \_|\____|
                                                                                

TEST PENDING: Looking up the definition of 'pear'
---------------------------------------------------------------------------------
]]></system-err>
  </testcase>
  <testcase name="Looking up the definition of &apos;pear&apos;" classname="Lookup a definition" time="0">
    <skipped/>
  </testcase>
  <testcase name="Looking up the definition of &apos;pear&apos;" classname="Lookup a definition" time="0">
    <skipped/>
  </testcase>
  <testcase name="Show default value on form provide information" classname="As an end user I want the ability to provide my information, so that I may receive the newsletters from provider" time="16.836"/>
  <testcase name="Show default value on form provide information" classname="As an end user I want the ability to provide my information, so that I may receive the newsletters from provider" time="13.248"/>
  <testcase name="Show default value on form provide information" classname="As an end user I want the ability to provide my information, so that I may receive the newsletters from provider" time="13.224">
    <error message="element not interactable&#10;  (Session info: chrome=71.0.3578.98)&#10;  (Driver info: chromedriver=2.44.609538 (b655c5a60b0b544917107a59d4153d4bf78e1b90),platform=Windows NT 10.0.17134 x86_64) (WARNING: The server did not provide any stacktrace information)&#10;Command duration or timeout: 0 milliseconds&#10;Build info: version: &apos;3.141.5&apos;, revision: &apos;d54ebd709a&apos;, time: &apos;2018-11-06T11:42:16&apos;&#10;System info: host: &apos;DESKTOP-5LVJ603&apos;, ip: &apos;192.168.173.2&apos;, os.name: &apos;Windows 10&apos;, os.arch: &apos;amd64&apos;, os.version: &apos;10.0&apos;, java.version: &apos;1.8.0_191&apos;&#10;Driver info: org.openqa.selenium.chrome.ChromeDriver&#10;Capabilities {acceptInsecureCerts: false, acceptSslCerts: false, applicationCacheEnabled: false, browserConnectionEnabled: false, browserName: chrome, chrome: {chromedriverVersion: 2.44.609538 (b655c5a60b0b54..., userDataDir: C:\Users\DangHong\AppData\L...}, cssSelectorsEnabled: true, databaseEnabled: false, goog:chromeOptions: {debuggerAddress: localhost:54429}, handlesAlerts: true, hasTouchScreen: false, javascriptEnabled: true, locationContextEnabled: true, mobileEmulationEnabled: false, nativeEvents: true, networkConnectionEnabled: false, pageLoadStrategy: normal, platform: XP, platformName: XP, rotatable: false, setWindowRect: true, takesHeapSnapshot: true, takesScreenshot: true, unexpectedAlertBehaviour: ignore, unhandledPromptBehavior: ignore, version: 71.0.3578.98, webStorageEnabled: true}&#10;Session ID: fc6395648daa010dab2074e17e6c2541" type="org.openqa.selenium.ElementNotVisibleException">org.openqa.selenium.ElementNotVisibleException: 
element not interactable
  (Session info: chrome=71.0.3578.98)
  (Driver info: chromedriver=2.44.609538 (b655c5a60b0b544917107a59d4153d4bf78e1b90),platform=Windows NT 10.0.17134 x86_64) (WARNING: The server did not provide any stacktrace information)
Command duration or timeout: 0 milliseconds
Build info: version: '3.141.5', revision: 'd54ebd709a', time: '2018-11-06T11:42:16'
System info: host: 'DESKTOP-5LVJ603', ip: '192.168.173.2', os.name: 'Windows 10', os.arch: 'amd64', os.version: '10.0', java.version: '1.8.0_191'
Driver info: org.openqa.selenium.chrome.ChromeDriver
Capabilities {acceptInsecureCerts: false, acceptSslCerts: false, applicationCacheEnabled: false, browserConnectionEnabled: false, browserName: chrome, chrome: {chromedriverVersion: 2.44.609538 (b655c5a60b0b54..., userDataDir: C:\Users\DangHong\AppData\L...}, cssSelectorsEnabled: true, databaseEnabled: false, goog:chromeOptions: {debuggerAddress: localhost:54429}, handlesAlerts: true, hasTouchScreen: false, javascriptEnabled: true, locationContextEnabled: true, mobileEmulationEnabled: false, nativeEvents: true, networkConnectionEnabled: false, pageLoadStrategy: normal, platform: XP, platformName: XP, rotatable: false, setWindowRect: true, takesHeapSnapshot: true, takesScreenshot: true, unexpectedAlertBehaviour: ignore, unhandledPromptBehavior: ignore, version: 71.0.3578.98, webStorageEnabled: true}
Session ID: fc6395648daa010dab2074e17e6c2541
</error>
    <system-err><![CDATA[Starting ChromeDriver 2.44.609538 (b655c5a60b0b544917107a59d4153d4bf78e1b90) on port 39180
Only local connections are allowed.
thg 1 20, 2019 9:32:55 CH org.openqa.selenium.remote.ProtocolHandshake createSession
INFO: Detected dialect: OSS
[main] INFO net.thucydides.core.steps.ConsoleLoggingListener - 
        __    _____ _____ ____ _____   ____   _    ____  ____  _____ ____  
  _     \ \  |_   _| ____/ ___|_   _| |  _ \ / \  / ___|/ ___|| ____|  _ \ 
 (_)_____| |   | | |  _| \___ \ | |   | |_) / _ \ \___ \\___ \|  _| | | | |
  _|_____| |   | | | |___ ___) || |   |  __/ ___ \ ___) |___) | |___| |_| |
 (_)     | |   |_| |_____|____/ |_|   |_| /_/   \_\____/|____/|_____|____/ 
        /_/                                                                

TEST PASSED: Show default value on form provide information
----------------------------------------------------------------------------
]]></system-err>
  </testcase>
</testsuite>