<?xml version="1.0" encoding="UTF-8"?><testsuite errors="0" failures="0" name="As a Tool manager, I want ability to send created Newsletter, so that I can deliver this Newsletter to subscribed with corresponding group" skipped="0" tests="2" time="26.25" timestamp="2019-01-20 09:31:32"><testcase name="The Send now will deliver the Newsletter to corresponding subscribed immediately"/><testcase name="The save to send later require the date end time which Newsletter will be delivered to subscribers"/></testsuite>